<?xml version="1.0" encoding="UTF-8"?>
<testsuite name="MultiplyTest" tests="2" skipped="0" failures="0" errors="0" timestamp="2021-11-12T03:12:55" hostname="MacBook-Air-de-Alfredo.local" time="0.023">
  <properties/>
  <testcase name="test multiply *3" classname="MultiplyTest" time="0.022"/>
  <testcase name="test multiply *5" classname="MultiplyTest" time="0.0"/>
  <system-out><![CDATA[]]></system-out>
  <system-err><![CDATA[]]></system-err>
</testsuite>
